生成启动时间为 2017/3/2 16:51:45。
     1>项目“D:\opencv_program\Call_Faster_Rcnn\Call_Faster_Rcnn\Call_Faster_Rcnn.vcxproj”在节点 2 上(Build 个目标)。
     1>Link:
         D:\vs2013\VC\bin\link.exe /ERRORREPORT:PROMPT /OUT:"D:\opencv_program\Call_Faster_Rcnn\Release\Call_Faster_Rcnn.exe" /INCREMENTAL:NO /NOLOGO /LIBPATH:..\Dependency_Library\caffe\lib faster_rcnn_cpu.lib opencv_calib3d248.lib opencv_contrib248.lib opencv_core248.lib opencv_features2d248.lib opencv_flann248.lib opencv_gpu248.lib opencv_highgui248.lib opencv_imgproc248.lib opencv_legacy248.lib opencv_objdetect248.lib opencv_ts248.lib opencv_video248.lib opencv_nonfree248.lib opencv_ocl248.lib opencv_photo248.lib opencv_stitching248.lib opencv_superres248.lib opencv_videostab248.lib opencv_ml248.lib kernel32.lib user32.lib gdi32.lib winspool.lib comdlg32.lib advapi32.lib shell32.lib ole32.lib oleaut32.lib uuid.lib odbc32.lib odbccp32.lib /MANIFEST /MANIFESTUAC:"level='asInvoker' uiAccess='false'" /manifest:embed /DEBUG /PDB:"D:\opencv_program\Call_Faster_Rcnn\Release\Call_Faster_Rcnn.pdb" /SUBSYSTEM:CONSOLE /OPT:REF /OPT:ICF /LTCG /TLBID:1 /DYNAMICBASE /NXCOMPAT /IMPLIB:"D:\opencv_program\Call_Faster_Rcnn\Release\Call_Faster_Rcnn.lib" /MACHINE:X86 /SAFESEH Release\main.obj
     1>main.obj : error LNK2001: 无法解析的外部符号 "__declspec(dllimport) public: __thiscall FasterRcnnDetector::~FasterRcnnDetector(void)" (__imp_??1FasterRcnnDetector@@QAE@XZ)
     1>main.obj : error LNK2001: 无法解析的外部符号 "__declspec(dllimport) public: __thiscall FasterRcnnDetector::FasterRcnnDetector(class std::basic_string<char,struct std::char_traits<char>,class std::allocator<char> > const &,class std::basic_string<char,struct std::char_traits<char>,class std::allocator<char> > const &)" (__imp_??0FasterRcnnDetector@@QAE@ABV?$basic_string@DU?$char_traits@D@std@@V?$allocator@D@2@@std@@0@Z)
     1>D:\opencv_program\Call_Faster_Rcnn\Release\Call_Faster_Rcnn.exe : fatal error LNK1120: 2 个无法解析的外部命令
     1>已完成生成项目“D:\opencv_program\Call_Faster_Rcnn\Call_Faster_Rcnn\Call_Faster_Rcnn.vcxproj”(Build 个目标)的操作 - 失败。

生成失败。

已用时间 00:00:00.20
